0 info it worked if it ends with ok
1 verbose cli [ '/Users/peterjabbour/.nvm/versions/node/v5.10.1/bin/node',
1 verbose cli   '/Users/peterjabbour/.nvm/versions/node/v5.10.1/bin/npm',
1 verbose cli   'run',
1 verbose cli   'webpack' ]
2 info using npm@3.8.3
3 info using node@v5.10.1
4 verbose run-script [ 'prewebpack', 'webpack', 'postwebpack' ]
5 info lifecycle rails-react-boilerplate@1.0.0~prewebpack: rails-react-boilerplate@1.0.0
6 silly lifecycle rails-react-boilerplate@1.0.0~prewebpack: no script for prewebpack, continuing
7 info lifecycle rails-react-boilerplate@1.0.0~webpack: rails-react-boilerplate@1.0.0
8 verbose lifecycle rails-react-boilerplate@1.0.0~webpack: unsafe-perm in lifecycle true
9 verbose lifecycle rails-react-boilerplate@1.0.0~webpack: PATH: /Users/peterjabbour/.nvm/versions/node/v5.10.1/lib/node_modules/npm/bin/node-gyp-bin:/Users/peterjabbour/railsprojects/rails-react-boilerplate/node_modules/.bin:/Users/peterjabbour/.nvm/versions/node/v5.10.1/bin:/Users/peterjabbour/.rbenv/versions/2.5.0/lib/ruby/gems/2.5.0/bin:/Users/peterjabbour/.rbenv/versions/2.5.0/bin:/usr/local/Cellar/rbenv/1.1.1/libexec:/Users/peterjabbour/.nvm/versions/node/v5.10.1/bin:/usr/local/opt/postgresql@9.4/bin:/Users/peterjabbour/.rbenv/shims:/usr/local/bin:/usr/bin:/bin:/usr/sbin:/sbin:/Users/peterjabbour/bin
10 verbose lifecycle rails-react-boilerplate@1.0.0~webpack: CWD: /Users/peterjabbour/railsprojects/rails-react-boilerplate
11 silly lifecycle rails-react-boilerplate@1.0.0~webpack: Args: [ '-c',
11 silly lifecycle   'node node_modules/webpack-cli/bin/cli.js --progress --colors' ]
12 silly lifecycle rails-react-boilerplate@1.0.0~webpack: Returned: code: 1  signal: null
13 info lifecycle rails-react-boilerplate@1.0.0~webpack: Failed to exec webpack script
14 verbose stack Error: rails-react-boilerplate@1.0.0 webpack: `node node_modules/webpack-cli/bin/cli.js --progress --colors`
14 verbose stack Exit status 1
14 verbose stack     at EventEmitter.<anonymous> (/Users/peterjabbour/.nvm/versions/node/v5.10.1/lib/node_modules/npm/lib/utils/lifecycle.js:239:16)
14 verbose stack     at emitTwo (events.js:100:13)
14 verbose stack     at EventEmitter.emit (events.js:185:7)
14 verbose stack     at ChildProcess.<anonymous> (/Users/peterjabbour/.nvm/versions/node/v5.10.1/lib/node_modules/npm/lib/utils/spawn.js:24:14)
14 verbose stack     at emitTwo (events.js:100:13)
14 verbose stack     at ChildProcess.emit (events.js:185:7)
14 verbose stack     at maybeClose (internal/child_process.js:850:16)
14 verbose stack     at Process.ChildProcess._handle.onexit (internal/child_process.js:215:5)
15 verbose pkgid rails-react-boilerplate@1.0.0
16 verbose cwd /Users/peterjabbour/railsprojects/rails-react-boilerplate
17 error Darwin 15.6.0
18 error argv "/Users/peterjabbour/.nvm/versions/node/v5.10.1/bin/node" "/Users/peterjabbour/.nvm/versions/node/v5.10.1/bin/npm" "run" "webpack"
19 error node v5.10.1
20 error npm  v3.8.3
21 error code ELIFECYCLE
22 error rails-react-boilerplate@1.0.0 webpack: `node node_modules/webpack-cli/bin/cli.js --progress --colors`
22 error Exit status 1
23 error Failed at the rails-react-boilerplate@1.0.0 webpack script 'node node_modules/webpack-cli/bin/cli.js --progress --colors'.
23 error Make sure you have the latest version of node.js and npm installed.
23 error If you do, this is most likely a problem with the rails-react-boilerplate package,
23 error not with npm itself.
23 error Tell the author that this fails on your system:
23 error     node node_modules/webpack-cli/bin/cli.js --progress --colors
23 error You can get information on how to open an issue for this project with:
23 error     npm bugs rails-react-boilerplate
23 error Or if that isn't available, you can get their info via:
23 error     npm owner ls rails-react-boilerplate
23 error There is likely additional logging output above.
24 verbose exit [ 1, true ]
